=========================
FCITX 4.2.9.6 -- Get Signal No.: 6
Date: try "date -d @1571933009" if you are using GNU date ***
ProcessID: 1364
/usr/bin/fcitx(+0x1627)[0x5617a740d627]
/lib/x86_64-linux-gnu/libc.so.6(+0x3ef20)[0x7f3b6a52af20]
/lib/x86_64-linux-gnu/libc.so.6(gsignal+0xc7)[0x7f3b6a52ae97]
/lib/x86_64-linux-gnu/libc.so.6(abort+0x141)[0x7f3b6a52c801]
/lib/x86_64-linux-gnu/libc.so.6(+0x89897)[0x7f3b6a575897]
/lib/x86_64-linux-gnu/libc.so.6(+0x134cff)[0x7f3b6a620cff]
/lib/x86_64-linux-gnu/libc.so.6(+0x134d21)[0x7f3b6a620d21]
/lib/x86_64-linux-gnu/libc.so.6(+0x132a10)[0x7f3b6a61ea10]
/lib/x86_64-linux-gnu/libc.so.6(+0x134c0a)[0x7f3b6a620c0a]
/usr/lib/x86_64-linux-gnu/fcitx/fcitx-dbus.so(+0x2343)[0x7f3b69aee343]
/usr/lib/x86_64-linux-gnu/fcitx/fcitx-dbus.so(+0x2511)[0x7f3b69aee511]
/usr/lib/x86_64-linux-gnu/libfcitx-core.so.0(+0x8acc)[0x7f3b6af30acc]
/usr/lib/x86_64-linux-gnu/libfcitx-core.so.0(FcitxInstanceRun+0x330)[0x7f3b6af31560]
/usr/bin/fcitx(+0xf6c)[0x5617a740cf6c]
/lib/x86_64-linux-gnu/libc.so.6(__libc_start_main+0xe7)[0x7f3b6a50db97]
/usr/bin/fcitx(+0xfea)[0x5617a740cfea]
